<?xml version="1.0" encoding="UTF-8"?>
<!-- Generated by org.testng.reporters.JUnitReportReporter -->
<testsuite hostname="LAPTOP-POCDIJHR" failures="0" tests="1" name="testNGFramework.ProjectTrial1.SignUpTestcase" time="16.340" errors="0" timestamp="2022-08-30T11:58:38 IST" skipped="0">
  <testcase classname="testNGFramework.ProjectTrial1.SignUpTestcase" name="SigUp" time="16.340"/>
  <system-out/>
</testsuite> <!-- testNGFramework.ProjectTrial1.SignUpTestcase -->
